APK/Block Blast/build/outputs/logs/manifest-merger-debug-report.txt
-- Merging decision tree log ---
manifest
ADDED from src\main\AndroidManifest.xml:2:1-25:12
INJECTED from src\main\AndroidManifest.xml:2:1-25:12
INJECTED from src\main\AndroidManifest.xml:2:1-25:12
INJECTED from src\main\AndroidManifest.xml:2:1-25:12
MERGED from [:androidx.arch.core.core-runtime-2.0.0:] AndroidManifest.xml:17:1-22:12
MERGED from [:androidx.asynclayoutinflater.asynclayoutinflater-1.0.0:] AndroidManifest.xml:17:1-22:12
MERGED from [:androidx.browser.browser-1.0.0:] AndroidManifest.xml:17:1-22:12
MERGED from [:androidx.coordinatorlayout.coordinatorlayout-1.0.0:] AndroidManifest.xml:17:1-22:12
MERGED from [:androidx.core.core-1.0.0:] AndroidManifest.xml:17:1-24:12
MERGED from [:androidx.cursoradapter.cursoradapter-1.0.0:] AndroidManifest.xml:17:1-22:12
MERGED from [:androidx.customview.customview-1.0.0:] AndroidManifest.xml:17:1-22:12
MERGED from [:androidx.documentfile.documentfile-1.0.0:] AndroidManifest.xml:17:1-22:12
MERGED from [:androidx.drawerlayout.drawerlayout-1.0.0:] AndroidManifest.xml:17:1-22:12
MERGED from [:androidx.fragment.fragment-1.0.0:] AndroidManifest.xml:17:1-22:12
MERGED from [:androidx.interpolator.interpolator-1.0.0:] AndroidManifest.xml:17:1-22:12
MERGED from [:androidx.legacy.legacy-support-core-ui-1.0.0:] AndroidManifest.xml:17:1-22:12
MERGED from [:androidx.legacy.legacy-support-core-utils-1.0.0:] AndroidManifest.xml:17:1-22:12
MERGED from [:androidx.lifecycle.lifecycle-livedata-2.0.0:] AndroidManifest.xml:17:1-22:12
MERGED from [:androidx.lifecycle.lifecycle-livedata-core-2.0.0:] AndroidManifest.xml:17:1-22:12
MERGED from [:androidx.lifecycle.lifecycle-runtime-2.0.0:] AndroidManifest.xml:17:1-22:12
MERGED from [:androidx.lifecycle.lifecycle-viewmodel-2.0.0:] AndroidManifest.xml:17:1-22:12
MERGED from [:androidx.loader.loader-1.0.0:] AndroidManifest.xml:17:1-22:12
MERGED from [:androidx.localbroadcastmanager.localbroadcastmanager-1.0.0:] AndroidManifest.xml:17:1-22:12
MERGED from [:androidx.print.print-1.0.0:] AndroidManifest.xml:17:1-22:12
MERGED from [:androidx.slidingpanelayout.slidingpanelayout-1.0.0:] AndroidManifest.xml:17:1-22:12
MERGED from [:androidx.swiperefreshlayout.swiperefreshlayout-1.0.0:] AndroidManifest.xml:17:1-22:12
MERGED from [:androidx.versionedparcelable.versionedparcelable-1.0.0:] AndroidManifest.xml:17:1-25:12
MERGED from [:androidx.viewpager.viewpager-1.0.0:] AndroidManifest.xml:17:1-22:12
MERGED from [:com.google.android.gms.play-services-ads-19.0.0:] AndroidManifest.xml:17:1-25:12
MERGED from [:com.google.android.gms.play-services-ads-base-19.0.0:] AndroidManifest.xml:2:1-9:12
MERGED from [:com.google.android.gms.play-services-ads-identifier-17.0.0:] AndroidManifest.xml:17:1-24:12
MERGED from [:com.google.android.gms.play-services-ads-lite-19.0.0:] AndroidManifest.xml:17:1-27:12
MERGED from [:com.google.android.gms.play-services-auth-18.0.0:] AndroidManifest.xml:17:1-39:12
MERGED from [:com.google.android.gms.play-services-auth-api-phone-17.0.0:] AndroidManifest.xml:2:1-7:12
MERGED from [:com.google.android.gms.play-services-auth-base-17.0.0:] AndroidManifest.xml:2:1-7:12
MERGED from [:com.google.android.gms.play-services-base-17.1.0:] AndroidManifest.xml:17:1-29:12
MERGED from [:com.google.android.gms.play-services-basement-17.1.1:] AndroidManifest.xml:17:1-28:12
MERGED from [:com.google.android.gms.play-services-drive-17.0.0:] AndroidManifest.xml:17:1-24:12
MERGED from [:com.google.android.gms.play-services-games-19.0.0:] AndroidManifest.xml:17:1-24:12
MERGED from [:com.google.android.gms.play-services-gass-19.0.0:] AndroidManifest.xml:2:1-9:12
MERGED from [:com.google.android.gms.play-services-measurement-base-17.1.0:] AndroidManifest.xml:2:1-9:12
MERGED from [:com.google.android.gms.play-services-measurement-sdk-api-17.1.0:] AndroidManifest.xml:17:1-27:12
MERGED from [:com.google.android.gms.play-services-nearby-17.0.0:] AndroidManifest.xml:2:1-11:12
MERGED from [:com.google.android.gms.play-services-tasks-17.0.0:] AndroidManifest.xml:2:1-9:12
MERGED from [:com.google.games.gpgs-plugin-support-0.10.08:] AndroidManifest.xml:2:1-11:12
MERGED from [:common:] AndroidManifest.xml:2:1-12:12
MERGED from [:GoogleAIDL:] AndroidManifest.xml:2:1-12:12
MERGED from [:googlemobileads-unity:] AndroidManifest.xml:7:1-18:12
MERGED from [:GooglePlay:] AndroidManifest.xml:2:1-40:12
MERGED from [:NativeShare:] AndroidManifest.xml:2:1-12:12
MERGED from [:GoogleMobileAdsPlugin] AndroidManifest.xml:2:1-22:12
MERGED from [:GooglePlayGamesManifest.plugin] AndroidManifest.xml:6:1-30:12
INJECTED from src\main\AndroidManifest.xml:2:1-25:12
INJECTED from src\main\AndroidManifest.xml:2:1-25:12
INJECTED from src\main\AndroidManifest.xml:2:1-25:12
	package
		ADDED from src\main\AndroidManifest.xml:2:70-102
		INJECTED from src\main\AndroidManifest.xml
		INJECTED from src\main\AndroidManifest.xml
	android:versionName
		INJECTED from src\main\AndroidManifest.xml
		ADDED from src\main\AndroidManifest.xml:2:1-25:12
		INJECTED from src\main\AndroidManifest.xml
	xmlns:tools
		ADDED from src\main\AndroidManifest.xml:2:103-149
	android:versionCode
		INJECTED from src\main\AndroidManifest.xml
		ADDED from src\main\AndroidManifest.xml:2:1-25:12
		INJECTED from src\main\AndroidManifest.xml
	xmlns:android
		ADDED from src\main\AndroidManifest.xml:2:11-69
	android:installLocation
		ADDED from src\main\AndroidManifest.xml:2:150-190
supports-screens
ADDED from src\main\AndroidManifest.xml:3:3-163
	android:largeScreens
		ADDED from src\main\AndroidManifest.xml:3:78-105
	android:smallScreens
		ADDED from src\main\AndroidManifest.xml:3:21-48
	android:normalScreens
		ADDED from src\main\AndroidManifest.xml:3:49-77
	android:xlargeScreens
		ADDED from src\main\AndroidManifest.xml:3:106-134
	android:anyDensity
		ADDED from src\main\AndroidManifest.xml:3:135-160
application
ADDED from src\main\AndroidManifest.xml:4:3-17:17
MERGED from [:androidx.core.core-1.0.0:] AndroidManifest.xml:22:5-89
MERGED from [:androidx.core.core-1.0.0:] AndroidManifest.xml:22:5-89
MERGED from [:androidx.versionedparcelable.versionedparcelable-1.0.0:] AndroidManifest.xml:22:5-23:19
MERGED from [:androidx.versionedparcelable.versionedparcelable-1.0.0:] AndroidManifest.xml:22:5-23:19
MERGED from [:com.google.android.gms.play-services-ads-base-19.0.0:] AndroidManifest.xml:7:5-20
MERGED from [:com.google.android.gms.play-services-ads-base-19.0.0:] AndroidManifest.xml:7:5-20
MERGED from [:com.google.android.gms.play-services-ads-identifier-17.0.0:] AndroidManifest.xml:22:5-20
MERGED from [:com.google.android.gms.play-services-ads-identifier-17.0.0:] AndroidManifest.xml:22:5-20
MERGED from [:com.google.android.gms.play-services-ads-lite-19.0.0:] AndroidManifest.xml:22:3-26:17
MERGED from [:com.google.android.gms.play-services-ads-lite-19.0.0:] AndroidManifest.xml:22:3-26:17
MERGED from [:com.google.android.gms.play-services-auth-18.0.0:] AndroidManifest.xml:22:5-37:19
MERGED from [:com.google.android.gms.play-services-auth-18.0.0:] AndroidManifest.xml:22:5-37:19
MERGED from [:com.google.android.gms.play-services-base-17.1.0:] AndroidManifest.xml:22:5-27:19
MERGED from [:com.google.android.gms.play-services-base-17.1.0:] AndroidManifest.xml:22:5-27:19
MERGED from [:com.google.android.gms.play-services-basement-17.1.1:] AndroidManifest.xml:22:5-26:19
MERGED from [:com.google.android.gms.play-services-basement-17.1.1:] AndroidManifest.xml:22:5-26:19
MERGED from [:com.google.android.gms.play-services-drive-17.0.0:] AndroidManifest.xml:22:5-20
MERGED from [:com.google.android.gms.play-services-drive-17.0.0:] AndroidManifest.xml:22:5-20
MERGED from [:com.google.android.gms.play-services-games-19.0.0:] AndroidManifest.xml:22:5-20
MERGED from [:com.google.android.gms.play-services-games-19.0.0:] AndroidManifest.xml:22:5-20
MERGED from [:com.google.android.gms.play-services-gass-19.0.0:] AndroidManifest.xml:7:5-20
MERGED from [:com.google.android.gms.play-services-gass-19.0.0:] AndroidManifest.xml:7:5-20
MERGED from [:com.google.android.gms.play-services-measurement-base-17.1.0:] AndroidManifest.xml:7:5-20
MERGED from [:com.google.android.gms.play-services-measurement-base-17.1.0:] AndroidManifest.xml:7:5-20
MERGED from [:com.google.android.gms.play-services-nearby-17.0.0:] AndroidManifest.xml:9:5-20
MERGED from [:com.google.android.gms.play-services-nearby-17.0.0:] AndroidManifest.xml:9:5-20
MERGED from [:com.google.android.gms.play-services-tasks-17.0.0:] AndroidManifest.xml:7:5-20
MERGED from [:com.google.android.gms.play-services-tasks-17.0.0:] AndroidManifest.xml:7:5-20
MERGED from [:com.google.games.gpgs-plugin-support-0.10.08:] AndroidManifest.xml:9:5-20
MERGED from [:com.google.games.gpgs-plugin-support-0.10.08:] AndroidManifest.xml:9:5-20
MERGED from [:common:] AndroidManifest.xml:9:5-10:19
MERGED from [:common:] AndroidManifest.xml:9:5-10:19
MERGED from [:GoogleAIDL:] AndroidManifest.xml:9:5-10:19
MERGED from [:GoogleAIDL:] AndroidManifest.xml:9:5-10:19
MERGED from [:GooglePlay:] AndroidManifest.xml:22:5-38:19
MERGED from [:GooglePlay:] AndroidManifest.xml:22:5-38:19
MERGED from [:NativeShare:] AndroidManifest.xml:3:2-9:16
MERGED from [:NativeShare:] AndroidManifest.xml:3:2-9:16
MERGED from [:GoogleMobileAdsPlugin] AndroidManifest.xml:9:5-20:19
MERGED from [:GoogleMobileAdsPlugin] AndroidManifest.xml:9:5-20:19
MERGED from [:GooglePlayGamesManifest.plugin] AndroidManifest.xml:13:5-28:19
MERGED from [:GooglePlayGamesManifest.plugin] AndroidManifest.xml:13:5-28:19
	android:appComponentFactory
		ADDED from [:androidx.core.core-1.0.0:] AndroidManifest.xml:22:18-86
	android:label
		ADDED from src\main\AndroidManifest.xml:4:90-122
	android:roundIcon
		ADDED from src\main\AndroidManifest.xml:4:123-165
	android:allowBackup
		ADDED from [:GooglePlay:] AndroidManifest.xml:22:18-44
	android:icon
		ADDED from src\main\AndroidManifest.xml:4:58-89
	android:theme
		ADDED from src\main\AndroidManifest.xml:4:16-57
activity#com.Redmoon.BlockBlast.UnityPlayerActivity
ADDED from src\main\AndroidManifest.xml:5:5-12:16
	android:screenOrientation
		ADDED from src\main\AndroidManifest.xml:5:48-91
	android:label
		ADDED from src\main\AndroidManifest.xml:5:15-47
	android:launchMode
		ADDED from src\main\AndroidManifest.xml:5:92-123
	android:hardwareAccelerated
		ADDED from src\main\AndroidManifest.xml:5:306-341
	android:configChanges
		ADDED from src\main\AndroidManifest.xml:5:124-305
	android:name
		ADDED from src\main\AndroidManifest.xml:5:342-399
intent-filter#action:name:android.intent.action.MAIN+category:name:android.intent.category.LAUNCHER
ADDED from src\main\AndroidManifest.xml:6:7-9:23
action#android.intent.action.MAIN
ADDED from src\main\AndroidManifest.xml:7:9-61
	android:name
		ADDED from src\main\AndroidManifest.xml:7:17-58
category#android.intent.category.LAUNCHER
ADDED from src\main\AndroidManifest.xml:8:9-69
	android:name
		ADDED from src\main\AndroidManifest.xml:8:19-66
meta-data#unityplayer.UnityActivity
ADDED from src\main\AndroidManifest.xml:10:7-82
	android:value
		ADDED from src\main\AndroidManifest.xml:10:59-79
	android:name
		ADDED from src\main\AndroidManifest.xml:10:18-58
meta-data#android.notch_support
ADDED from src\main\AndroidManifest.xml:11:7-78
	android:value
		ADDED from src\main\AndroidManifest.xml:11:55-75
	android:name
		ADDED from src\main\AndroidManifest.xml:11:18-54
meta-data#unity.build-id
ADDED from src\main\AndroidManifest.xml:13:5-101
	android:value
		ADDED from src\main\AndroidManifest.xml:13:46-98
	android:name
		ADDED from src\main\AndroidManifest.xml:13:16-45
meta-data#unity.splash-mode
ADDED from src\main\AndroidManifest.xml:14:5-69
	android:value
		ADDED from src\main\AndroidManifest.xml:14:49-66
	android:name
		ADDED from src\main\AndroidManifest.xml:14:16-48
meta-data#unity.splash-enable
ADDED from src\main\AndroidManifest.xml:15:5-74
	android:value
		ADDED from src\main\AndroidManifest.xml:15:51-71
	android:name
		ADDED from src\main\AndroidManifest.xml:15:16-50
meta-data#notch.config
ADDED from src\main\AndroidManifest.xml:16:5-81
	android:value
		ADDED from src\main\AndroidManifest.xml:16:44-78
	android:name
		ADDED from src\main\AndroidManifest.xml:16:16-43
uses-feature#0x00020000
ADDED from src\main\AndroidManifest.xml:18:3-52
	android:glEsVersion
		ADDED from src\main\AndroidManifest.xml:18:17-49
uses-feature#android.hardware.vulkan.version
ADDED from src\main\AndroidManifest.xml:19:3-91
	android:required
		ADDED from src\main\AndroidManifest.xml:19:64-88
	android:name
		ADDED from src\main\AndroidManifest.xml:19:17-63
uses-permission#android.permission.INTERNET
ADDED from src\main\AndroidManifest.xml:20:3-65
MERGED from [:com.google.android.gms.play-services-ads-lite-19.0.0:] AndroidManifest.xml:20:3-65
MERGED from [:com.google.android.gms.play-services-ads-lite-19.0.0:] AndroidManifest.xml:20:3-65
MERGED from [:com.google.android.gms.play-services-measurement-sdk-api-17.1.0:] AndroidManifest.xml:23:5-67
MERGED from [:com.google.android.gms.play-services-measurement-sdk-api-17.1.0:] AndroidManifest.xml:23:5-67
MERGED from [:googlemobileads-unity:] AndroidManifest.xml:16:5-67
MERGED from [:googlemobileads-unity:] AndroidManifest.xml:16:5-67
MERGED from [:GooglePlay:] AndroidManifest.xml:11:5-67
MERGED from [:GooglePlay:] AndroidManifest.xml:11:5-67
	android:name
		ADDED from src\main\AndroidManifest.xml:20:20-62
uses-permission#android.permission.ACCESS_NETWORK_STATE
ADDED from src\main\AndroidManifest.xml:21:3-77
MERGED from [:com.google.android.gms.play-services-ads-lite-19.0.0:] AndroidManifest.xml:21:3-77
MERGED from [:com.google.android.gms.play-services-ads-lite-19.0.0:] AndroidManifest.xml:21:3-77
MERGED from [:com.google.android.gms.play-services-measurement-sdk-api-17.1.0:] AndroidManifest.xml:24:5-79
MERGED from [:com.google.android.gms.play-services-measurement-sdk-api-17.1.0:] AndroidManifest.xml:24:5-79
MERGED from [:com.google.android.gms.play-services-nearby-17.0.0:] AndroidManifest.xml:7:5-79
MERGED from [:com.google.android.gms.play-services-nearby-17.0.0:] AndroidManifest.xml:7:5-79
	android:name
		ADDED from src\main\AndroidManifest.xml:21:20-74
uses-feature#android.hardware.touchscreen
ADDED from src\main\AndroidManifest.xml:22:3-88
	android:required
		ADDED from src\main\AndroidManifest.xml:22:61-85
	android:name
		ADDED from src\main\AndroidManifest.xml:22:17-60
uses-feature#android.hardware.touchscreen.multitouch
ADDED from src\main\AndroidManifest.xml:23:3-99
	android:required
		ADDED from src\main\AndroidManifest.xml:23:72-96
	android:name
		ADDED from src\main\AndroidManifest.xml:23:17-71
uses-feature#android.hardware.touchscreen.multitouch.distinct
ADDED from src\main\AndroidManifest.xml:24:3-108
	android:required
		ADDED from src\main\AndroidManifest.xml:24:81-105
	android:name
		ADDED from src\main\AndroidManifest.xml:24:17-80
uses-sdk
INJECTED from src\main\AndroidManifest.xml reason: use-sdk injection requested
INJECTED from src\main\AndroidManifest.xml
INJECTED from src\main\AndroidManifest.xml
MERGED from [:androidx.arch.core.core-runtime-2.0.0:] AndroidManifest.xml:20:5-44
MERGED from [:androidx.arch.core.core-runtime-2.0.0:] AndroidManifest.xml:20:5-44
MERGED from [:androidx.asynclayoutinflater.asynclayoutinflater-1.0.0:] AndroidManifest.xml:20:5-44
MERGED from [:androidx.asynclayoutinflater.asynclayoutinflater-1.0.0:] AndroidManifest.xml:20:5-44
MERGED from [:androidx.browser.browser-1.0.0:] AndroidManifest.xml:20:5-44
MERGED from [:androidx.browser.browser-1.0.0:] AndroidManifest.xml:20:5-44
MERGED from [:androidx.coordinatorlayout.coordinatorlayout-1.0.0:] AndroidManifest.xml:20:5-44
MERGED from [:androidx.coordinatorlayout.coordinatorlayout-1.0.0:] AndroidManifest.xml:20:5-44
MERGED from [:androidx.core.core-1.0.0:] AndroidManifest.xml:20:5-44
MERGED from [:androidx.core.core-1.0.0:] AndroidManifest.xml:20:5-44
MERGED from [:androidx.cursoradapter.cursoradapter-1.0.0:] AndroidManifest.xml:20:5-44
MERGED from [:androidx.cursoradapter.cursoradapter-1.0.0:] AndroidManifest.xml:20:5-44
MERGED from [:androidx.customview.customview-1.0.0:] AndroidManifest.xml:20:5-44
MERGED from [:androidx.customview.customview-1.0.0:] AndroidManifest.xml:20:5-44
MERGED from [:androidx.documentfile.documentfile-1.0.0:] AndroidManifest.xml:20:5-44
MERGED from [:androidx.documentfile.documentfile-1.0.0:] AndroidManifest.xml:20:5-44
MERGED from [:androidx.drawerlayout.drawerlayout-1.0.0:] AndroidManifest.xml:20:5-44
MERGED from [:androidx.drawerlayout.drawerlayout-1.0.0:] AndroidManifest.xml:20:5-44
MERGED from [:androidx.fragment.fragment-1.0.0:] AndroidManifest.xml:20:5-44
MERGED from [:androidx.fragment.fragment-1.0.0:] AndroidManifest.xml:20:5-44
MERGED from [:androidx.interpolator.interpolator-1.0.0:] AndroidManifest.xml:20:5-44
MERGED from [:androidx.interpolator.interpolator-1.0.0:] AndroidManifest.xml:20:5-44
MERGED from [:androidx.legacy.legacy-support-core-ui-1.0.0:] AndroidManifest.xml:20:5-44
MERGED from [:androidx.legacy.legacy-support-core-ui-1.0.0:] AndroidManifest.xml:20:5-44
MERGED from [:androidx.legacy.legacy-support-core-utils-1.0.0:] AndroidManifest.xml:20:5-44
MERGED from [:androidx.legacy.legacy-support-core-utils-1.0.0:] AndroidManifest.xml:20:5-44
MERGED from [:androidx.lifecycle.lifecycle-livedata-2.0.0:] AndroidManifest.xml:20:5-44
MERGED from [:androidx.lifecycle.lifecycle-livedata-2.0.0:] AndroidManifest.xml:20:5-44
MERGED from [:androidx.lifecycle.lifecycle-livedata-core-2.0.0:] AndroidManifest.xml:20:5-44
MERGED from [:androidx.lifecycle.lifecycle-livedata-core-2.0.0:] AndroidManifest.xml:20:5-44
MERGED from [:androidx.lifecycle.lifecycle-runtime-2.0.0:] AndroidManifest.xml:20:5-44
MERGED from [:androidx.lifecycle.lifecycle-runtime-2.0.0:] AndroidManifest.xml:20:5-44
MERGED from [:androidx.lifecycle.lifecycle-viewmodel-2.0.0:] AndroidManifest.xml:20:5-44
MERGED from [:androidx.lifecycle.lifecycle-viewmodel-2.0.0:] AndroidManifest.xml:20:5-44
MERGED from [:androidx.loader.loader-1.0.0:] AndroidManifest.xml:20:5-44
MERGED from [:androidx.loader.loader-1.0.0:] AndroidManifest.xml:20:5-44
MERGED from [:androidx.localbroadcastmanager.localbroadcastmanager-1.0.0:] AndroidManifest.xml:20:5-44
MERGED from [:androidx.localbroadcastmanager.localbroadcastmanager-1.0.0:] AndroidManifest.xml:20:5-44
MERGED from [:androidx.print.print-1.0.0:] AndroidManifest.xml:20:5-44
MERGED from [:androidx.print.print-1.0.0:] AndroidManifest.xml:20:5-44
MERGED from [:androidx.slidingpanelayout.slidingpanelayout-1.0.0:] AndroidManifest.xml:20:5-44
MERGED from [:androidx.slidingpanelayout.slidingpanelayout-1.0.0:] AndroidManifest.xml:20:5-44
MERGED from [:androidx.swiperefreshlayout.swiperefreshlayout-1.0.0:] AndroidManifest.xml:20:5-44
MERGED from [:androidx.swiperefreshlayout.swiperefreshlayout-1.0.0:] AndroidManifest.xml:20:5-44
MERGED from [:androidx.versionedparcelable.versionedparcelable-1.0.0:] AndroidManifest.xml:20:5-44
MERGED from [:androidx.versionedparcelable.versionedparcelable-1.0.0:] AndroidManifest.xml:20:5-44
MERGED from [:androidx.viewpager.viewpager-1.0.0:] AndroidManifest.xml:20:5-44
MERGED from [:androidx.viewpager.viewpager-1.0.0:] AndroidManifest.xml:20:5-44
MERGED from [:com.google.android.gms.play-services-ads-19.0.0:] AndroidManifest.xml:21:5-23:52
MERGED from [:com.google.android.gms.play-services-ads-19.0.0:] AndroidManifest.xml:21:5-23:52
MERGED from [:com.google.android.gms.play-services-ads-base-19.0.0:] AndroidManifest.xml:5:5-44
MERGED from [:com.google.android.gms.play-services-ads-base-19.0.0:] AndroidManifest.xml:5:5-44
MERGED from [:com.google.android.gms.play-services-ads-identifier-17.0.0:] AndroidManifest.xml:20:5-44
MERGED from [:com.google.android.gms.play-services-ads-identifier-17.0.0:] AndroidManifest.xml:20:5-44
MERGED from [:com.google.android.gms.play-services-ads-lite-19.0.0:] AndroidManifest.xml:18:3-42
MERGED from [:com.google.android.gms.play-services-ads-lite-19.0.0:] AndroidManifest.xml:18:3-42
MERGED from [:com.google.android.gms.play-services-auth-18.0.0:] AndroidManifest.xml:20:5-44
MERGED from [:com.google.android.gms.play-services-auth-18.0.0:] AndroidManifest.xml:20:5-44
MERGED from [:com.google.android.gms.play-services-auth-api-phone-17.0.0:] AndroidManifest.xml:5:5-44
MERGED from [:com.google.android.gms.play-services-auth-api-phone-17.0.0:] AndroidManifest.xml:5:5-44
MERGED from [:com.google.android.gms.play-services-auth-base-17.0.0:] AndroidManifest.xml:5:5-44
MERGED from [:com.google.android.gms.play-services-auth-base-17.0.0:] AndroidManifest.xml:5:5-44
MERGED from [:com.google.android.gms.play-services-base-17.1.0:] AndroidManifest.xml:20:5-44
MERGED from [:com.google.android.gms.play-services-base-17.1.0:] AndroidManifest.xml:20:5-44
MERGED from [:com.google.android.gms.play-services-basement-17.1.1:] AndroidManifest.xml:20:5-44
MERGED from [:com.google.android.gms.play-services-basement-17.1.1:] AndroidManifest.xml:20:5-44
MERGED from [:com.google.android.gms.play-services-drive-17.0.0:] AndroidManifest.xml:20:5-44
MERGED from [:com.google.android.gms.play-services-drive-17.0.0:] AndroidManifest.xml:20:5-44
MERGED from [:com.google.android.gms.play-services-games-19.0.0:] AndroidManifest.xml:20:5-44
MERGED from [:com.google.android.gms.play-services-games-19.0.0:] AndroidManifest.xml:20:5-44
MERGED from [:com.google.android.gms.play-services-gass-19.0.0:] AndroidManifest.xml:5:5-44
MERGED from [:com.google.android.gms.play-services-gass-19.0.0:] AndroidManifest.xml:5:5-44
MERGED from [:com.google.android.gms.play-services-measurement-base-17.1.0:] AndroidManifest.xml:5:5-44
MERGED from [:com.google.android.gms.play-services-measurement-base-17.1.0:] AndroidManifest.xml:5:5-44
MERGED from [:com.google.android.gms.play-services-measurement-sdk-api-17.1.0:] AndroidManifest.xml:20:5-44
MERGED from [:com.google.android.gms.play-services-measurement-sdk-api-17.1.0:] AndroidManifest.xml:20:5-44
MERGED from [:com.google.android.gms.play-services-nearby-17.0.0:] AndroidManifest.xml:5:5-44
MERGED from [:com.google.android.gms.play-services-nearby-17.0.0:] AndroidManifest.xml:5:5-44
MERGED from [:com.google.android.gms.play-services-tasks-17.0.0:] AndroidManifest.xml:5:5-44
MERGED from [:com.google.android.gms.play-services-tasks-17.0.0:] AndroidManifest.xml:5:5-44
MERGED from [:com.google.games.gpgs-plugin-support-0.10.08:] AndroidManifest.xml:7:5-44
MERGED from [:com.google.games.gpgs-plugin-support-0.10.08:] AndroidManifest.xml:7:5-44
MERGED from [:common:] AndroidManifest.xml:7:5-43
MERGED from [:common:] AndroidManifest.xml:7:5-43
MERGED from [:GoogleAIDL:] AndroidManifest.xml:7:5-43
MERGED from [:GoogleAIDL:] AndroidManifest.xml:7:5-43
MERGED from [:googlemobileads-unity:] AndroidManifest.xml:12:5-14:41
MERGED from [:googlemobileads-unity:] AndroidManifest.xml:12:5-14:41
MERGED from [:GooglePlay:] AndroidManifest.xml:7:5-9:41
MERGED from [:GooglePlay:] AndroidManifest.xml:7:5-9:41
MERGED from [:NativeShare:] AndroidManifest.xml:11:2-43
MERGED from [:NativeShare:] AndroidManifest.xml:11:2-43
MERGED from [:GoogleMobileAdsPlugin] AndroidManifest.xml:7:5-47
MERGED from [:GoogleMobileAdsPlugin] AndroidManifest.xml:7:5-47
MERGED from [:GooglePlayGamesManifest.plugin] AndroidManifest.xml:11:5-47
MERGED from [:GooglePlayGamesManifest.plugin] AndroidManifest.xml:11:5-47
INJECTED from src\main\AndroidManifest.xml
INJECTED from src\main\AndroidManifest.xml
	tools:overrideLibrary
		ADDED from [:com.google.android.gms.play-services-ads-19.0.0:] AndroidManifest.xml:23:9-49
	android:targetSdkVersion
		INJECTED from src\main\AndroidManifest.xml
		ADDED from src\main\AndroidManifest.xml
		INJECTED from src\main\AndroidManifest.xml
	android:minSdkVersion
		INJECTED from src\main\AndroidManifest.xml
		ADDED from src\main\AndroidManifest.xml
		MERGED from src\main\AndroidManifest.xml
		MERGED from src\main\AndroidManifest.xml
		MERGED from src\main\AndroidManifest.xml
		INJECTED from src\main\AndroidManifest.xml
activity#com.google.android.gms.ads.AdActivity
ADDED from [:com.google.android.gms.play-services-ads-lite-19.0.0:] AndroidManifest.xml:24:5-254
	android:exported
		ADDED from [:com.google.android.gms.play-services-ads-lite-19.0.0:] AndroidManifest.xml:24:178-202
	android:configChanges
		ADDED from [:com.google.android.gms.play-services-ads-lite-19.0.0:] AndroidManifest.xml:24:68-177
	android:theme
		ADDED from [:com.google.android.gms.play-services-ads-lite-19.0.0:] AndroidManifest.xml:24:203-251
	android:name
		ADDED from [:com.google.android.gms.play-services-ads-lite-19.0.0:] AndroidManifest.xml:24:15-67
provider#com.google.android.gms.ads.MobileAdsInitProvider
ADDED from [:com.google.android.gms.play-services-ads-lite-19.0.0:] AndroidManifest.xml:25:5-197
	android:authorities
		ADDED from [:com.google.android.gms.play-services-ads-lite-19.0.0:] AndroidManifest.xml:25:79-145
	android:exported
		ADDED from [:com.google.android.gms.play-services-ads-lite-19.0.0:] AndroidManifest.xml:25:146-170
	android:initOrder
		ADDED from [:com.google.android.gms.play-services-ads-lite-19.0.0:] AndroidManifest.xml:25:171-194
	android:name
		ADDED from [:com.google.android.gms.play-services-ads-lite-19.0.0:] AndroidManifest.xml:25:15-78
activity#com.google.android.gms.auth.api.signin.internal.SignInHubActivity
ADDED from [:com.google.android.gms.play-services-auth-18.0.0:] AndroidManifest.xml:23:9-27:75
	android:excludeFromRecents
		ADDED from [:com.google.android.gms.play-services-auth-18.0.0:] AndroidManifest.xml:25:13-46
	android:exported
		ADDED from [:com.google.android.gms.play-services-auth-18.0.0:] AndroidManifest.xml:26:13-37
	android:theme
		ADDED from [:com.google.android.gms.play-services-auth-18.0.0:] AndroidManifest.xml:27:13-72
	android:name
		ADDED from [:com.google.android.gms.play-services-auth-18.0.0:] AndroidManifest.xml:24:13-93
service#com.google.android.gms.auth.api.signin.RevocationBoundService
ADDED from [:com.google.android.gms.play-services-auth-18.0.0:] AndroidManifest.xml:33:9-36:110
	android:exported
		ADDED from [:com.google.android.gms.play-services-auth-18.0.0:] AndroidManifest.xml:35:13-36
	android:permission
		ADDED from [:com.google.android.gms.play-services-auth-18.0.0:] AndroidManifest.xml:36:13-107
	android:name
		ADDED from [:com.google.android.gms.play-services-auth-18.0.0:] AndroidManifest.xml:34:13-89
activity#com.google.android.gms.common.api.GoogleApiActivity
ADDED from [:com.google.android.gms.play-services-base-17.1.0:] AndroidManifest.xml:23:9-26:75
	android:exported
		ADDED from [:com.google.android.gms.play-services-base-17.1.0:] AndroidManifest.xml:25:13-37
	android:theme
		ADDED from [:com.google.android.gms.play-services-base-17.1.0:] AndroidManifest.xml:26:13-72
	android:name
		ADDED from [:com.google.android.gms.play-services-base-17.1.0:] AndroidManifest.xml:24:13-79
meta-data#com.google.android.gms.version
ADDED from [:com.google.android.gms.play-services-basement-17.1.1:] AndroidManifest.xml:23:9-25:69
	android:value
		ADDED from [:com.google.android.gms.play-services-basement-17.1.1:] AndroidManifest.xml:25:13-66
	android:name
		ADDED from [:com.google.android.gms.play-services-basement-17.1.1:] AndroidManifest.xml:24:13-58
uses-permission#android.permission.WAKE_LOCK
ADDED from [:com.google.android.gms.play-services-measurement-sdk-api-17.1.0:] AndroidManifest.xml:25:5-68
	android:name
		ADDED from [:com.google.android.gms.play-services-measurement-sdk-api-17.1.0:] AndroidManifest.xml:25:22-65
uses-permission#com.android.vending.BILLING
ADDED from [:GooglePlay:] AndroidManifest.xml:12:5-67
	android:name
		ADDED from [:GooglePlay:] AndroidManifest.xml:12:22-64
uses-feature#android.software.vr.mode
ADDED from [:GooglePlay:] AndroidManifest.xml:14:5-16:36
	android:required
		ADDED from [:GooglePlay:] AndroidManifest.xml:16:9-33
	android:name
		ADDED from [:GooglePlay:] AndroidManifest.xml:15:9-48
uses-feature#android.software.vr.high_performance
ADDED from [:GooglePlay:] AndroidManifest.xml:18:5-20:36
	android:required
		ADDED from [:GooglePlay:] AndroidManifest.xml:20:9-33
	android:name
		ADDED from [:GooglePlay:] AndroidManifest.xml:19:9-60
activity#com.unity.purchasing.googleplay.PurchaseActivity
ADDED from [:GooglePlay:] AndroidManifest.xml:23:9-26:86
	android:configChanges
		ADDED from [:GooglePlay:] AndroidManifest.xml:25:13-170
	android:theme
		ADDED from [:GooglePlay:] AndroidManifest.xml:26:13-83
	android:name
		ADDED from [:GooglePlay:] AndroidManifest.xml:24:13-76
activity#com.unity.purchasing.googleplay.VRPurchaseActivity
ADDED from [:GooglePlay:] AndroidManifest.xml:27:9-37:20
	android:enableVrMode
		ADDED from [:GooglePlay:] AndroidManifest.xml:30:13-106
	android:configChanges
		ADDED from [:GooglePlay:] AndroidManifest.xml:29:13-170
	android:theme
		ADDED from [:GooglePlay:] AndroidManifest.xml:31:13-51
	android:name
		ADDED from [:GooglePlay:] AndroidManifest.xml:28:13-78
intent-filter#action:name:com.google.vr.vrcore.ACTION_NONE+category:name:com.google.intent.category.DAYDREAM
ADDED from [:GooglePlay:] AndroidManifest.xml:32:13-36:29
action#com.google.vr.vrcore.ACTION_NONE
ADDED from [:GooglePlay:] AndroidManifest.xml:33:17-75
	android:name
		ADDED from [:GooglePlay:] AndroidManifest.xml:33:25-72
category#com.google.intent.category.DAYDREAM
ADDED from [:GooglePlay:] AndroidManifest.xml:35:17-80
	android:name
		ADDED from [:GooglePlay:] AndroidManifest.xml:35:27-77
provider#com.yasirkula.unity.NativeShareContentProvider
ADDED from [:NativeShare:] AndroidManifest.xml:4:3-8:42
	android:grantUriPermissions
		ADDED from [:NativeShare:] AndroidManifest.xml:8:5-39
	android:authorities
		ADDED from [:NativeShare:] AndroidManifest.xml:6:5-70
	android:exported
		ADDED from [:NativeShare:] AndroidManifest.xml:7:5-29
	android:name
		ADDED from [:NativeShare:] AndroidManifest.xml:5:5-66
uses-library#org.apache.http.legacy
ADDED from [:GoogleMobileAdsPlugin] AndroidManifest.xml:10:9-12:40
	android:required
		ADDED from [:GoogleMobileAdsPlugin] AndroidManifest.xml:12:13-37
	android:name
		ADDED from [:GoogleMobileAdsPlugin] AndroidManifest.xml:11:13-50